<?xml version="1.0" encoding="UTF-8"?>
<testng-results ignored="0" total="1" passed="1" failed="0" skipped="0">
  <reporter-output>
  </reporter-output>
  <suite started-at="2023-04-14T14:48:48 IST" name="com.facebookmessenger.messenger.TestMessenger" finished-at="2023-04-14T14:49:59 IST" duration-ms="71267">
    <groups>
    </groups>
    <test started-at="2023-04-14T14:48:48 IST" name="Command line test" finished-at="2023-04-14T14:49:59 IST" duration-ms="71267">
      <class name="com.facebookmessenger.messenger.TestMessenger">
        <test-method is-config="true" signature="openBrowser()[pri:0, instance:com.facebookmessenger.messenger.TestMessenger@81d9a72]" started-at="2023-04-14T14:48:48 IST" name="openBrowser" finished-at="2023-04-14T14:48:49 IST" duration-ms="1259" status="PASS">
          <reporter-output>
          </reporter-output>
        </test-method> <!-- openBrowser -->
        <test-method is-config="true" signature="login()[pri:0, instance:com.facebookmessenger.messenger.TestMessenger@81d9a72]" started-at="2023-04-14T14:48:49 IST" name="login" finished-at="2023-04-14T14:49:06 IST" duration-ms="16813" status="PASS">
          <reporter-output>
          </reporter-output>
        </test-method> <!-- login -->
        <test-method signature="testMsg()[pri:0, instance:com.facebookmessenger.messenger.TestMessenger@81d9a72]" started-at="2023-04-14T14:49:06 IST" name="testMsg" finished-at="2023-04-14T14:49:44 IST" duration-ms="38758" status="PASS">
          <reporter-output>
          </reporter-output>
        </test-method> <!-- testMsg -->
        <test-method is-config="true" signature="logOut()[pri:0, instance:com.facebookmessenger.messenger.TestMessenger@81d9a72]" started-at="2023-04-14T14:49:44 IST" name="logOut" finished-at="2023-04-14T14:49:59 IST" duration-ms="14127" status="PASS">
          <reporter-output>
          </reporter-output>
        </test-method> <!-- logOut -->
        <test-method is-config="true" signature="closeBrowser()[pri:0, instance:com.facebookmessenger.messenger.TestMessenger@81d9a72]" started-at="2023-04-14T14:49:59 IST" name="closeBrowser" finished-at="2023-04-14T14:49:59 IST" duration-ms="244" status="PASS">
          <reporter-output>
          </reporter-output>
        </test-method> <!-- closeBrowser -->
      </class> <!-- com.facebookmessenger.messenger.TestMessenger -->
    </test> <!-- Command line test -->
  </suite> <!-- com.facebookmessenger.messenger.TestMessenger -->
</testng-results>
