<?xml version="1.0" encoding="UTF-8"?>
<testng-results ignored="0" total="1" passed="1" failed="0" skipped="0">
  <reporter-output>
  </reporter-output>
  <suite started-at="2023-04-12T10:55:22 IST" name="Default suite" finished-at="2023-04-12T10:56:31 IST" duration-ms="69153">
    <groups>
    </groups>
    <test started-at="2023-04-12T10:55:22 IST" name="Default test" finished-at="2023-04-12T10:56:31 IST" duration-ms="69153">
      <class name="com.facebookmessenger.messenger.TestMessenger">
        <test-method is-config="true" signature="openBrowser()[pri:0, instance:com.facebookmessenger.messenger.TestMessenger@27e0f2f5]" started-at="2023-04-12T10:55:22 IST" name="openBrowser" finished-at="2023-04-12T10:55:24 IST" duration-ms="1919" status="PASS">
          <reporter-output>
          </reporter-output>
        </test-method> <!-- openBrowser -->
        <test-method is-config="true" signature="login()[pri:0, instance:com.facebookmessenger.messenger.TestMessenger@27e0f2f5]" started-at="2023-04-12T10:55:24 IST" name="login" finished-at="2023-04-12T10:55:40 IST" duration-ms="16460" status="PASS">
          <reporter-output>
          </reporter-output>
        </test-method> <!-- login -->
        <test-method signature="testMsg()[pri:0, instance:com.facebookmessenger.messenger.TestMessenger@27e0f2f5]" started-at="2023-04-12T10:55:40 IST" name="testMsg" finished-at="2023-04-12T10:56:19 IST" duration-ms="38276" status="PASS">
          <reporter-output>
          </reporter-output>
        </test-method> <!-- testMsg -->
        <test-method is-config="true" signature="logOut()[pri:0, instance:com.facebookmessenger.messenger.TestMessenger@27e0f2f5]" started-at="2023-04-12T10:56:19 IST" name="logOut" finished-at="2023-04-12T10:56:31 IST" duration-ms="11998" status="PASS">
          <reporter-output>
          </reporter-output>
        </test-method> <!-- logOut -->
        <test-method is-config="true" signature="closeBrowser()[pri:0, instance:com.facebookmessenger.messenger.TestMessenger@27e0f2f5]" started-at="2023-04-12T10:56:31 IST" name="closeBrowser" finished-at="2023-04-12T10:56:31 IST" duration-ms="470" status="PASS">
          <reporter-output>
          </reporter-output>
        </test-method> <!-- closeBrowser -->
      </class> <!-- com.facebookmessenger.messenger.TestMessenger -->
    </test> <!-- Default test -->
  </suite> <!-- Default suite -->
</testng-results>
